<?xml version="1.0" encoding="UTF-8"?>
<!-- Generated by org.testng.reporters.JUnitXMLReporter -->
<testsuite hostname="FRT-HP-180143" failures="1" tests="2" name="gmail_testcases" time="0.127" errors="0" timestamp="2 Oct 2020 05:46:53 GMT">
  <testcase classname="com.selenium.google.tests.LoginTest" name="blankUserNameRightPasswordLoginTest" time="0.085"/>
  <testcase classname="com.selenium.google.tests.LoginTest" name="blankUserNameRightPasswordLoginTest1" time="0.005">
    <failure type="java.lang.NullPointerException">
      <![CDATA[java.lang.NullPointerException
	at com.selenium.google.common.BasePage.openUrl(BasePage.java:52)
	at com.selenium.google.pages.Login.perform(Login.java:37)
	at com.selenium.google.tests.LoginTest.blankUserNameRightPasswordLoginTest1(LoginTest.java:35)
... Removed 24 stack frames]]>
    </failure>
  </testcase> <!-- blankUserNameRightPasswordLoginTest1 -->
</testsuite> <!-- gmail_testcases -->
