<?xml version="1.0" encoding="UTF-8"?>
<testng-results total="2" passed="2" failed="0" skipped="0">
  <reporter-output>
  </reporter-output>
  <suite started-at="2020-10-02T15:45:46Z" name="Default suite" finished-at="2020-10-02T15:45:57Z" duration-ms="10827">
    <groups>
    </groups>
    <test started-at="2020-10-02T15:45:46Z" name="Default test" finished-at="2020-10-02T15:45:57Z" duration-ms="10827">
      <class name="com.selenium.google.tests.LoginTest">
        <test-method is-config="true" signature="setUp()[pri:0, instance:com.selenium.google.tests.LoginTest@73e22a3d]" started-at="2020-10-02T15:45:46Z" name="setUp" finished-at="2020-10-02T15:45:49Z" duration-ms="2504" status="PASS">
        </test-method> <!-- setUp -->
        <test-method signature="a_blankUser1()[pri:0, instance:com.selenium.google.tests.LoginTest@73e22a3d]" started-at="2020-10-02T15:45:49Z" name="a_blankUser1" finished-at="2020-10-02T15:45:53Z" duration-ms="4494" status="PASS">
        </test-method> <!-- a_blankUser1 -->
        <test-method signature="b_blankUserNameRightPasswordLoginTest()[pri:0, instance:com.selenium.google.tests.LoginTest@73e22a3d]" started-at="2020-10-02T15:45:53Z" name="b_blankUserNameRightPasswordLoginTest" finished-at="2020-10-02T15:45:57Z" duration-ms="3615" status="PASS">
        </test-method> <!-- b_blankUserNameRightPasswordLoginTest -->
        <test-method is-config="true" signature="tearDown()[pri:0, instance:com.selenium.google.tests.LoginTest@73e22a3d]" started-at="2020-10-02T15:45:57Z" name="tearDown" finished-at="2020-10-02T15:45:57Z" duration-ms="155" status="PASS">
        </test-method> <!-- tearDown -->
      </class> <!-- com.selenium.google.tests.LoginTest -->
    </test> <!-- Default test -->
  </suite> <!-- Default suite -->
</testng-results>
